#
# There is insufficient memory for the Java Runtime Environment to continue.
# Native memory allocation (malloc) failed to allocate 1048576 bytes for AllocateHeap
# Possible reasons:
#   The system is out of physical RAM or swap space
#   The process is running with CompressedOops enabled, and the Java Heap may be blocking the growth of the native heap
# Possible solutions:
#   Reduce memory load on the system
#   Increase physical memory or swap space
#   Check if swap backing store is full
#   Decrease Java heap size (-Xmx/-Xms)
#   Decrease number of Java threads
#   Decrease Java thread stack sizes (-Xss)
#   Set larger code cache with -XX:ReservedCodeCacheSize=
#   JVM is running with Unscaled Compressed Oops mode in which the Java heap is
#     placed in the first 4GB address space. The Java Heap base address is the
#     maximum limit for the native heap growth. Please use -XX:HeapBaseMinAddress
#     to set the Java Heap base and to place the Java Heap above 4GB virtual address.
# This output file may be truncated or incomplete.
#
#  Out of Memory Error (allocation.cpp:44), pid=1508, tid=10408
#
# JRE version: OpenJDK Runtime Environment Temurin-17.0.9+9 (17.0.9+9) (build 17.0.9+9)
# Java VM: OpenJDK 64-Bit Server VM Temurin-17.0.9+9 (17.0.9+9, mixed mode, emulated-client, tiered, compressed oops, compressed class ptrs, g1 gc, windows-amd64)
# No core dump will be written. Minidumps are not enabled by default on client versions of Windows
#

---------------  S U M M A R Y ------------

Command Line: -XX:+HeapDumpOnOutOfMemoryError -Xmx1024m -Dsts.lsp.client=vscode -Dsts.log.file=/dev/null -XX:TieredStopAtLevel=1 -Xlog:jni+resolve=off -Dspring.config.location=file:c:\Users\HP\.vscode\extensions\vmware.vscode-spring-boot-1.51.0\language-server\BOOT-INF\classes\application.properties org.springframework.ide.vscode.boot.app.BootLanguageServerBootApp

Host: Intel(R) Core(TM) i5-10210U CPU @ 1.60GHz, 8 cores, 7G,  Windows 10 , 64 bit Build 19041 (10.0.19041.3636)
Time: Sun Dec 31 01:23:04 2023 Hora est. Pacífico, Sudamérica elapsed time: 204.511888 seconds (0d 0h 3m 24s)

---------------  T H R E A D  ---------------

Current thread (0x000002aac317ae30):  VMThread "VM Thread" [stack: 0x000000ac37400000,0x000000ac37500000] [id=10408]

Stack: [0x000000ac37400000,0x000000ac37500000]
Native frames: (J=compiled Java code, j=interpreted, Vv=VM code, C=native code)
V  [jvm.dll+0x67cf49]
V  [jvm.dll+0x83478a]
V  [jvm.dll+0x83624e]
V  [jvm.dll+0x8368b3]
V  [jvm.dll+0x247f1f]
V  [jvm.dll+0xa6b4b]
V  [jvm.dll+0x2f8e73]
V  [jvm.dll+0x2f4af0]
V  [jvm.dll+0x2dd0d7]
V  [jvm.dll+0x320357]
V  [jvm.dll+0x83adab]
V  [jvm.dll+0x83baf1]
V  [jvm.dll+0x83c00d]
V  [jvm.dll+0x83c3e4]
V  [jvm.dll+0x83c4b0]
V  [jvm.dll+0x7e3c3a]
V  [jvm.dll+0x67be35]
C  [ucrtbase.dll+0x21bb2]
C  [KERNEL32.DLL+0x17344]
C  [ntdll.dll+0x526b1]

VM_Operation (0x000000ac38cfed00): G1CollectFull, mode: safepoint, requested by thread 0x000002aac8cfc6a0


---------------  P R O C E S S  ---------------

Threads class SMR info:
_java_thread_list=0x000002aac8c4fe70, length=23, elements={
0x000002aac31c2530, 0x000002aac31c32c0, 0x000002aac31db0e0, 0x000002aac333c540,
0x000002aac31ed3d0, 0x000002aac31edca0, 0x000002aac31eed80, 0x000002aac31f2fa0,
0x000002aac3553150, 0x000002aac3565d00, 0x000002aac8cf8990, 0x000002aac8cfc6a0,
0x000002aac8bb8bc0, 0x000002aab83887b0, 0x000002aac8d24400, 0x000002aac8d58af0,
0x000002aac8d6b440, 0x000002aac8d6a510, 0x000002aac8d69af0, 0x000002aac8d6be60,
0x000002aac8d6c370, 0x000002aac8d690d0, 0x000002aac95d89b0
}

Java Threads: ( => current thread )
  0x000002aac31c2530 JavaThread "Reference Handler" daemon [_thread_blocked, id=11416, stack(0x000000ac37500000,0x000000ac37600000)]
  0x000002aac31c32c0 JavaThread "Finalizer" daemon [_thread_blocked, id=18684, stack(0x000000ac37600000,0x000000ac37700000)]
  0x000002aac31db0e0 JavaThread "Signal Dispatcher" daemon [_thread_blocked, id=11048, stack(0x000000ac37700000,0x000000ac37800000)]
  0x000002aac333c540 JavaThread "Attach Listener" daemon [_thread_blocked, id=9572, stack(0x000000ac37800000,0x000000ac37900000)]
  0x000002aac31ed3d0 JavaThread "Service Thread" daemon [_thread_blocked, id=10852, stack(0x000000ac37900000,0x000000ac37a00000)]
  0x000002aac31edca0 JavaThread "Monitor Deflation Thread" daemon [_thread_blocked, id=16440, stack(0x000000ac37a00000,0x000000ac37b00000)]
  0x000002aac31eed80 JavaThread "C1 CompilerThread0" daemon [_thread_blocked, id=15432, stack(0x000000ac37b00000,0x000000ac37c00000)]
  0x000002aac31f2fa0 JavaThread "Sweeper thread" daemon [_thread_blocked, id=14612, stack(0x000000ac37c00000,0x000000ac37d00000)]
  0x000002aac3553150 JavaThread "Notification Thread" daemon [_thread_blocked, id=20320, stack(0x000000ac37f00000,0x000000ac38000000)]
  0x000002aac3565d00 JavaThread "Common-Cleaner" daemon [_thread_blocked, id=9680, stack(0x000000ac38100000,0x000000ac38200000)]
  0x000002aac8cf8990 JavaThread "boundedElastic-evictor-1" daemon [_thread_blocked, id=13704, stack(0x000000ac38700000,0x000000ac38800000)]
  0x000002aac8cfc6a0 JavaThread "pool-12-thread-1" [_thread_blocked, id=14752, stack(0x000000ac38c00000,0x000000ac38d00000)]
  0x000002aac8bb8bc0 JavaThread "LanguageServerApp-lifecycle" [_thread_blocked, id=2292, stack(0x000000ac38d00000,0x000000ac38e00000)]
  0x000002aab83887b0 JavaThread "DestroyJavaVM" [_thread_blocked, id=17192, stack(0x000000ac36e00000,0x000000ac36f00000)]
  0x000002aac8d24400 JavaThread "pool-13-thread-1" [_thread_in_native, id=8936, stack(0x000000ac38e00000,0x000000ac38f00000)]
  0x000002aac8d58af0 JavaThread "Simple-Language-Server main thread" daemon [_thread_blocked, id=1416, stack(0x000000ac38f00000,0x000000ac39000000)]
  0x000002aac8d6b440 JavaThread "parallel-1" daemon [_thread_blocked, id=20004, stack(0x000000ac39400000,0x000000ac39500000)]
  0x000002aac8d6a510 JavaThread "pool-6-thread-1" [_thread_blocked, id=6576, stack(0x000000ac39500000,0x000000ac39600000)]
  0x000002aac8d69af0 JavaThread "parallel-2" daemon [_thread_blocked, id=19600, stack(0x000000ac39600000,0x000000ac39700000)]
  0x000002aac8d6be60 JavaThread "OkHttp api.spring.io" daemon [_thread_in_native, id=17952, stack(0x000000ac39a00000,0x000000ac39b00000)]
  0x000002aac8d6c370 JavaThread "OkHttp TaskRunner" daemon [_thread_blocked, id=13876, stack(0x000000ac39b00000,0x000000ac39c00000)]
  0x000002aac8d690d0 JavaThread "OkHttp api.spring.io" daemon [_thread_in_native, id=3692, stack(0x000000ac39d00000,0x000000ac39e00000)]
  0x000002aac95d89b0 JavaThread "OkHttp api.spring.io" daemon [_thread_in_native, id=8432, stack(0x000000ac39f00000,0x000000ac3a000000)]

Other Threads:
=>0x000002aac317ae30 VMThread "VM Thread" [stack: 0x000000ac37400000,0x000000ac37500000] [id=10408]
  0x000002aac3555a50 WatcherThread [stack: 0x000000ac38000000,0x000000ac38100000] [id=18640]
  0x000002aab83c6460 GCTaskThread "GC Thread#0" [stack: 0x000000ac36f00000,0x000000ac37000000] [id=5136]
  0x000002aac824c820 GCTaskThread "GC Thread#1" [stack: 0x000000ac37e00000,0x000000ac37f00000] [id=16876]
  0x000002aac8276050 GCTaskThread "GC Thread#2" [stack: 0x000000ac38200000,0x000000ac38300000] [id=3684]
  0x000002aac8289450 GCTaskThread "GC Thread#3" [stack: 0x000000ac38300000,0x000000ac38400000] [id=20416]
  0x000002aac81a30a0 GCTaskThread "GC Thread#4" [stack: 0x000000ac38500000,0x000000ac38600000] [id=20428]
  0x000002aac81a3360 GCTaskThread "GC Thread#5" [stack: 0x000000ac38600000,0x000000ac38700000] [id=17480]
  0x000002aac8646cb0 GCTaskThread "GC Thread#6" [stack: 0x000000ac38900000,0x000000ac38a00000] [id=16136]
  0x000002aac85976d0 GCTaskThread "GC Thread#7" [stack: 0x000000ac38a00000,0x000000ac38b00000] [id=19232]
  0x000002aab83cf2c0 ConcurrentGCThread "G1 Main Marker" [stack: 0x000000ac37000000,0x000000ac37100000] [id=3616]
  0x000002aab83d0390 ConcurrentGCThread "G1 Conc#0" [stack: 0x000000ac37100000,0x000000ac37200000] [id=13452]
  0x000002aac85cf3d0 ConcurrentGCThread "G1 Conc#1" [stack: 0x000000ac38b00000,0x000000ac38c00000] [id=9860]
  0x000002aab843c2c0 ConcurrentGCThread "G1 Refine#0" [stack: 0x000000ac37200000,0x000000ac37300000] [id=6120]
  0x000002aac30220b0 ConcurrentGCThread "G1 Service" [stack: 0x000000ac37300000,0x000000ac37400000] [id=16500]

Threads with active compile tasks:

VM state: at safepoint (normal execution)

VM Mutex/Monitor currently owned by a thread:  ([mutex/lock_event])
[0x000002aab6141b80] Threads_lock - owner thread: 0x000002aac317ae30
[0x000002aab8388650] Heap_lock - owner thread: 0x000002aac8cfc6a0

Heap address: 0x00000000c0000000, size: 1024 MB, Compressed Oops mode: 32-bit

CDS archive(s) not mapped
Compressed class space mapped at: 0x0000000100000000-0x0000000140000000, reserved size: 1073741824
Narrow klass base: 0x0000000000000000, Narrow klass shift: 3, Narrow klass range: 0x140000000

GC Precious Log:
 CPUs: 8 total, 8 available
 Memory: 8014M
 Large Page Support: Disabled
 NUMA Support: Disabled
 Compressed Oops: Enabled (32-bit)
 Heap Region Size: 1M
 Heap Min Capacity: 8M
 Heap Initial Capacity: 126M
 Heap Max Capacity: 1G
 Pre-touch: Disabled
 Parallel Workers: 8
 Concurrent Workers: 2
 Concurrent Refinement Workers: 8
 Periodic GC: Disabled

Heap:
 garbage-first heap   total 68608K, used 25281K [0x00000000c0000000, 0x0000000100000000)
  region size 1024K, 1 young (1024K), 0 survivors (0K)
 Metaspace       used 47375K, committed 48064K, reserved 1114112K
  class space    used 6082K, committed 6336K, reserved 1048576K

Heap Regions: E=young(eden), S=young(survivor), O=old, HS=humongous(starts), HC=humongous(continues), CS=collection set, F=free, OA=open archive, CA=closed archive, TAMS=top-at-mark-start (previous, next)
|   0|0x00000000c0000000, 0x00000000c0100000, 0x00000000c0100000|100%|HS|  |TAMS 0x00000000c0100000, 0x00000000c0000000| Untracked 
|   1|0x00000000c0100000, 0x00000000c0200000, 0x00000000c0200000|100%|HC|  |TAMS 0x00000000c0200000, 0x00000000c0100000| Untracked 
|   2|0x00000000c0200000, 0x00000000c0300000, 0x00000000c0300000|100%|HC|  |TAMS 0x00000000c0300000, 0x00000000c0200000| Untracked 
|   3|0x00000000c0300000, 0x00000000c0400000, 0x00000000c0400000|100%|HC|  |TAMS 0x00000000c0400000, 0x00000000c0300000| Untracked 
|   4|0x00000000c0400000, 0x00000000c0500000, 0x00000000c0500000|100%| O|  |TAMS 0x00000000c0500000, 0x00000000c0400000| Untracked 
|   5|0x00000000c0500000, 0x00000000c05f7a10, 0x00000000c0600000| 96%| O|  |TAMS 0x00000000c05f7a10, 0x00000000c0500000| Untracked 
|   6|0x00000000c0600000, 0x00000000c0700000, 0x00000000c0700000|100%| O|  |TAMS 0x00000000c0700000, 0x00000000c0600000| Untracked 
|   7|0x00000000c0700000, 0x00000000c07ffff8, 0x00000000c0800000| 99%| O|  |TAMS 0x00000000c07ffff8, 0x00000000c0700000| Untracked 
|   8|0x00000000c0800000, 0x00000000c08ffff8, 0x00000000c0900000| 99%| O|  |TAMS 0x00000000c08ffff8, 0x00000000c0800000| Untracked 
|   9|0x00000000c0900000, 0x00000000c0a00000, 0x00000000c0a00000|100%| O|  |TAMS 0x00000000c0a00000, 0x00000000c0900000| Untracked 
|  10|0x00000000c0a00000, 0x00000000c0affff8, 0x00000000c0b00000| 99%| O|  |TAMS 0x00000000c0affff8, 0x00000000c0a00000| Untracked 
|  11|0x00000000c0b00000, 0x00000000c0bffff0, 0x00000000c0c00000| 99%| O|  |TAMS 0x00000000c0bffff0, 0x00000000c0b00000| Untracked 
|  12|0x00000000c0c00000, 0x00000000c0d00000, 0x00000000c0d00000|100%| O|  |TAMS 0x00000000c0d00000, 0x00000000c0c00000| Untracked 
|  13|0x00000000c0d00000, 0x00000000c0dffff8, 0x00000000c0e00000| 99%| O|  |TAMS 0x00000000c0dffff8, 0x00000000c0d00000| Untracked 
|  14|0x00000000c0e00000, 0x00000000c0effe58, 0x00000000c0f00000| 99%| O|  |TAMS 0x00000000c0effe58, 0x00000000c0e00000| Untracked 
|  15|0x00000000c0f00000, 0x00000000c0ffffc8, 0x00000000c1000000| 99%| O|  |TAMS 0x00000000c0ffffc8, 0x00000000c0f00000| Untracked 
|  16|0x00000000c1000000, 0x00000000c10ffff8, 0x00000000c1100000| 99%| O|  |TAMS 0x00000000c10ffff8, 0x00000000c1000000| Untracked 
|  17|0x00000000c1100000, 0x00000000c11fffe8, 0x00000000c1200000| 99%| O|  |TAMS 0x00000000c11fffe8, 0x00000000c1100000| Untracked 
|  18|0x00000000c1200000, 0x00000000c12fffb8, 0x00000000c1300000| 99%| O|  |TAMS 0x00000000c12fffb8, 0x00000000c1200000| Untracked 
|  19|0x00000000c1300000, 0x00000000c1400000, 0x00000000c1400000|100%| O|  |TAMS 0x00000000c1400000, 0x00000000c1300000| Untracked 
|  20|0x00000000c1400000, 0x00000000c14ffe20, 0x00000000c1500000| 99%| O|  |TAMS 0x00000000c14ffe20, 0x00000000c1400000| Untracked 
|  21|0x00000000c1500000, 0x00000000c1600000, 0x00000000c1600000|100%| O|  |TAMS 0x00000000c1600000, 0x00000000c1500000| Untracked 
|  22|0x00000000c1600000, 0x00000000c16ffff8, 0x00000000c1700000| 99%| O|  |TAMS 0x00000000c16ffff8, 0x00000000c1600000| Untracked 
|  23|0x00000000c1700000, 0x00000000c1799018, 0x00000000c1800000| 59%| O|  |TAMS 0x00000000c1700000, 0x00000000c1700000| Untracked 
|  24|0x00000000c1800000, 0x00000000c181fe70, 0x00000000c1900000| 12%| O|  |TAMS 0x00000000c1800000, 0x00000000c1800000| Untracked 
|  25|0x00000000c1900000, 0x00000000c1900000, 0x00000000c1a00000|  0%| F|  |TAMS 0x00000000c1900000, 0x00000000c1900000| Untracked 
|  26|0x00000000c1a00000, 0x00000000c1a00000, 0x00000000c1b00000|  0%| F|  |TAMS 0x00000000c1a00000, 0x00000000c1a00000| Untracked 
|  27|0x00000000c1b00000, 0x00000000c1b00000, 0x00000000c1c00000|  0%| F|  |TAMS 0x00000000c1b00000, 0x00000000c1b00000| Untracked 
|  28|0x00000000c1c00000, 0x00000000c1c00000, 0x00000000c1d00000|  0%| F|  |TAMS 0x00000000c1c00000, 0x00000000c1c00000| Untracked 
|  29|0x00000000c1d00000, 0x00000000c1d00000, 0x00000000c1e00000|  0%| F|  |TAMS 0x00000000c1d00000, 0x00000000c1d00000| Untracked 
|  30|0x00000000c1e00000, 0x00000000c1e00000, 0x00000000c1f00000|  0%| F|  |TAMS 0x00000000c1e00000, 0x00000000c1e00000| Untracked 
|  31|0x00000000c1f00000, 0x00000000c1f00000, 0x00000000c2000000|  0%| F|  |TAMS 0x00000000c1f00000, 0x00000000c1f00000| Untracked 
|  32|0x00000000c2000000, 0x00000000c2000000, 0x00000000c2100000|  0%| F|  |TAMS 0x00000000c2000000, 0x00000000c2000000| Untracked 
|  33|0x00000000c2100000, 0x00000000c2100000, 0x00000000c2200000|  0%| F|  |TAMS 0x00000000c2100000, 0x00000000c2100000| Untracked 
|  34|0x00000000c2200000, 0x00000000c2200000, 0x00000000c2300000|  0%| F|  |TAMS 0x00000000c2200000, 0x00000000c2200000| Untracked 
|  35|0x00000000c2300000, 0x00000000c2300000, 0x00000000c2400000|  0%| F|  |TAMS 0x00000000c2300000, 0x00000000c2300000| Untracked 
|  36|0x00000000c2400000, 0x00000000c2400000, 0x00000000c2500000|  0%| F|  |TAMS 0x00000000c2400000, 0x00000000c2400000| Untracked 
|  37|0x00000000c2500000, 0x00000000c2500000, 0x00000000c2600000|  0%| F|  |TAMS 0x00000000c2500000, 0x00000000c2500000| Untracked 
|  38|0x00000000c2600000, 0x00000000c2600000, 0x00000000c2700000|  0%| F|  |TAMS 0x00000000c2600000, 0x00000000c2600000| Untracked 
|  39|0x00000000c2700000, 0x00000000c2800000, 0x00000000c2800000|100%| O|  |TAMS 0x00000000c2800000, 0x00000000c2700000| Untracked 
|  40|0x00000000c2800000, 0x00000000c2800000, 0x00000000c2900000|  0%| F|  |TAMS 0x00000000c2800000, 0x00000000c2800000| Untracked 
|  41|0x00000000c2900000, 0x00000000c2900000, 0x00000000c2a00000|  0%| F|  |TAMS 0x00000000c2900000, 0x00000000c2900000| Untracked 
|  42|0x00000000c2a00000, 0x00000000c2a00000, 0x00000000c2b00000|  0%| F|  |TAMS 0x00000000c2a00000, 0x00000000c2a00000| Untracked 
|  43|0x00000000c2b00000, 0x00000000c2b00000, 0x00000000c2c00000|  0%| F|  |TAMS 0x00000000c2b00000, 0x00000000c2b00000| Untracked 
|  44|0x00000000c2c00000, 0x00000000c2c00000, 0x00000000c2d00000|  0%| F|  |TAMS 0x00000000c2c00000, 0x00000000c2c00000| Untracked 
|  45|0x00000000c2d00000, 0x00000000c2d00000, 0x00000000c2e00000|  0%| F|  |TAMS 0x00000000c2d00000, 0x00000000c2d00000| Untracked 
|  46|0x00000000c2e00000, 0x00000000c2e00000, 0x00000000c2f00000|  0%| F|  |TAMS 0x00000000c2e00000, 0x00000000c2e00000| Untracked 
|  47|0x00000000c2f00000, 0x00000000c2f00000, 0x00000000c3000000|  0%| F|  |TAMS 0x00000000c2f00000, 0x00000000c2f00000| Untracked 
|  48|0x00000000c3000000, 0x00000000c3000000, 0x00000000c3100000|  0%| F|  |TAMS 0x00000000c3000000, 0x00000000c3000000| Untracked 
|  49|0x00000000c3100000, 0x00000000c3100000, 0x00000000c3200000|  0%| F|  |TAMS 0x00000000c3100000, 0x00000000c3100000| Untracked 
|  50|0x00000000c3200000, 0x00000000c3200000, 0x00000000c3300000|  0%| F|  |TAMS 0x00000000c3200000, 0x00000000c3200000| Untracked 
|  51|0x00000000c3300000, 0x00000000c3300000, 0x00000000c3400000|  0%| F|  |TAMS 0x00000000c3300000, 0x00000000c3300000| Untracked 
|  52|0x00000000c3400000, 0x00000000c3400000, 0x00000000c3500000|  0%| F|  |TAMS 0x00000000c3400000, 0x00000000c3400000| Untracked 
|  53|0x00000000c3500000, 0x00000000c3500000, 0x00000000c3600000|  0%| F|  |TAMS 0x00000000c3500000, 0x00000000c3500000| Untracked 
|  54|0x00000000c3600000, 0x00000000c3600000, 0x00000000c3700000|  0%| F|  |TAMS 0x00000000c3600000, 0x00000000c3600000| Untracked 
|  55|0x00000000c3700000, 0x00000000c3700000, 0x00000000c3800000|  0%| F|  |TAMS 0x00000000c3700000, 0x00000000c3700000| Untracked 
|  56|0x00000000c3800000, 0x00000000c3800000, 0x00000000c3900000|  0%| F|  |TAMS 0x00000000c3800000, 0x00000000c3800000| Untracked 
|  57|0x00000000c3900000, 0x00000000c3900000, 0x00000000c3a00000|  0%| F|  |TAMS 0x00000000c3900000, 0x00000000c3900000| Untracked 
|  58|0x00000000c3a00000, 0x00000000c3a00000, 0x00000000c3b00000|  0%| F|  |TAMS 0x00000000c3a00000, 0x00000000c3a00000| Untracked 
|  59|0x00000000c3b00000, 0x00000000c3b00000, 0x00000000c3c00000|  0%| F|  |TAMS 0x00000000c3b00000, 0x00000000c3b00000| Untracked 
|  60|0x00000000c3c00000, 0x00000000c3c00000, 0x00000000c3d00000|  0%| F|  |TAMS 0x00000000c3c00000, 0x00000000c3c00000| Untracked 
|  89|0x00000000c5900000, 0x00000000c5900000, 0x00000000c5a00000|  0%| F|  |TAMS 0x00000000c5900000, 0x00000000c5900000| Untracked 
|  90|0x00000000c5a00000, 0x00000000c5a00000, 0x00000000c5b00000|  0%| F|  |TAMS 0x00000000c5a00000, 0x00000000c5a00000| Untracked 
|  91|0x00000000c5b00000, 0x00000000c5b00000, 0x00000000c5c00000|  0%| F|  |TAMS 0x00000000c5b00000, 0x00000000c5b00000| Untracked 
|  92|0x00000000c5c00000, 0x00000000c5c00000, 0x00000000c5d00000|  0%| F|  |TAMS 0x00000000c5c00000, 0x00000000c5c00000| Untracked 
|  93|0x00000000c5d00000, 0x00000000c5d00000, 0x00000000c5e00000|  0%| F|  |TAMS 0x00000000c5d00000, 0x00000000c5d00000| Untracked 
| 125|0x00000000c7d00000, 0x00000000c7d2ccf0, 0x00000000c7e00000| 17%| E|  |TAMS 0x00000000c7d00000, 0x00000000c7d00000| Complete 

Card table byte_map: [0x000002aabe330000,0x000002aabe530000] _byte_map_base: 0x000002aabdd30000

Marking Bits (Prev, Next): (CMBitMap*) 0x000002aab83c6990, (CMBitMap*) 0x000002aab83c69d0
 Prev Bits: [0x000002aabe730000, 0x000002aabf730000)
 Next Bits: [0x000002aabf730000, 0x000002aac0730000)

Polling page: 0x000002aab7b40000

Metaspace:

Usage:
  Non-class:     40.32 MB used.
      Class:      5.94 MB used.
       Both:     46.26 MB used.

Virtual space:
  Non-class space:       64.00 MB reserved,      40.75 MB ( 64%) committed,  1 nodes.
      Class space:        1.00 GB reserved,       6.19 MB ( <1%) committed,  1 nodes.
             Both:        1.06 GB reserved,      46.94 MB (  4%) committed. 

Chunk freelists:
   Non-Class:  7.51 MB
       Class:  9.92 MB
        Both:  17.42 MB

MaxMetaspaceSize: unlimited
CompressedClassSpaceSize: 1.00 GB
Initial GC threshold: 21.00 MB
Current GC threshold: 78.25 MB
CDS: off
MetaspaceReclaimPolicy: balanced
 - commit_granule_bytes: 65536.
 - commit_granule_words: 8192.
 - virtual_space_node_default_size: 8388608.
 - enlarge_chunks_in_place: 1.
 - new_chunks_are_fully_committed: 0.
 - uncommit_free_chunks: 1.
 - use_allocation_guard: 0.
 - handle_deallocations: 1.


Internal statistics:

num_allocs_failed_limit: 6.
num_arena_births: 576.
num_arena_deaths: 202.
num_vsnodes_births: 2.
num_vsnodes_deaths: 0.
num_space_committed: 751.
num_space_uncommitted: 0.
num_chunks_returned_to_freelist: 234.
num_chunks_taken_from_freelist: 1963.
num_chunk_merges: 77.
num_chunk_splits: 1373.
num_chunks_enlarged: 1036.
num_inconsistent_stats: 0.

CodeCache: size=49152Kb used=8027Kb max_used=9713Kb free=41124Kb
 bounds [0x000002aabb020000, 0x000002aabb9c0000, 0x000002aabe020000]
 total_blobs=5013 nmethods=4398 adapters=542
 compilation: enabled
              stopped_count=0, restarted_count=0
 full_count=0

Compilation events (20 events):
Event: 27.280 Thread 0x000002aac31eed80 nmethod 4386 0x000002aabb319b90 code [0x000002aabb319d40, 0x000002aabb319f68]
Event: 27.281 Thread 0x000002aac82a79b0 nmethod 4385 0x000002aabb318b10 code [0x000002aabb318d60, 0x000002aabb3194e8]
Event: 27.294 Thread 0x000002aac82a7f00 4388       1       com.google.gson.internal.bind.TypeAdapterRuntimeTypeWrapper::write (80 bytes)
Event: 27.294 Thread 0x000002aac353d3b0 4389       1       com.google.gson.internal.bind.TypeAdapterRuntimeTypeWrapper::getRuntimeTypeIfMoreSpecific (25 bytes)
Event: 27.294 Thread 0x000002aac82a79b0 4390       1       jdk.internal.reflect.UnsafeObjectFieldAccessorImpl::get (17 bytes)
Event: 27.294 Thread 0x000002aac31eed80 4391       1       com.google.gson.stream.JsonWriter::open (19 bytes)
Event: 27.295 Thread 0x000002aac353d3b0 nmethod 4389 0x000002aabb318790 code [0x000002aabb318920, 0x000002aabb318a78]
Event: 27.295 Thread 0x000002aac31eed80 nmethod 4391 0x000002aabb318390 code [0x000002aabb318540, 0x000002aabb318688]
Event: 27.295 Thread 0x000002aac353d3b0 4392       1       com.google.gson.stream.JsonWriter::close (95 bytes)
Event: 27.295 Thread 0x000002aac82a7f00 nmethod 4388 0x000002aabb317b90 code [0x000002aabb317d60, 0x000002aabb318178]
Event: 27.295 Thread 0x000002aac82a79b0 nmethod 4390 0x000002aabb317490 code [0x000002aabb317660, 0x000002aabb317938]
Event: 27.295 Thread 0x000002aac353d3b0 nmethod 4392 0x000002aabb316a10 code [0x000002aabb316c40, 0x000002aabb3171d8]
Event: 39.317 Thread 0x000002aac31eed80 4393       1       java.lang.Thread::interrupted (23 bytes)
Event: 39.318 Thread 0x000002aac31eed80 nmethod 4393 0x000002aabb316710 code [0x000002aabb3168a0, 0x000002aabb316988]
Event: 59.906 Thread 0x000002aac31eed80 4396       1       java.util.logging.LogManager::getProperty (9 bytes)
Event: 59.906 Thread 0x000002aac31eed80 nmethod 4396 0x000002aabb315e10 code [0x000002aabb315fa0, 0x000002aabb316088]
Event: 121.056 Thread 0x000002aac31eed80 4397       1       java.util.concurrent.ThreadPoolExecutor::runStateAtLeast (11 bytes)
Event: 121.056 Thread 0x000002aac31eed80 nmethod 4397 0x000002aabb315b10 code [0x000002aabb315ca0, 0x000002aabb315d58]
Event: 204.341 Thread 0x000002aac31eed80 4398       1       jdk.internal.misc.Unsafe::putReferenceOpaque (9 bytes)
Event: 204.341 Thread 0x000002aac31eed80 nmethod 4398 0x000002aabb315810 code [0x000002aabb3159a0, 0x000002aabb315ab8]

GC Heap History (20 events):
Event: 100.765 GC heap before
{Heap before GC invocations=15 (full 4):
 garbage-first heap   total 68608K, used 25281K [0x00000000c0000000, 0x0000000100000000)
  region size 1024K, 1 young (1024K), 0 survivors (0K)
 Metaspace       used 47375K, committed 48064K, reserved 1114112K
  class space    used 6082K, committed 6336K, reserved 1048576K
}
Event: 100.786 GC heap after
{Heap after GC invocations=16 (full 5):
 garbage-first heap   total 68608K, used 25281K [0x00000000c0000000, 0x0000000100000000)
  region size 1024K, 0 young (0K), 0 survivors (0K)
 Metaspace       used 47375K, committed 48064K, reserved 1114112K
  class space    used 6082K, committed 6336K, reserved 1048576K
}
Event: 111.022 GC heap before
{Heap before GC invocations=16 (full 5):
 garbage-first heap   total 68608K, used 25281K [0x00000000c0000000, 0x0000000100000000)
  region size 1024K, 1 young (1024K), 0 survivors (0K)
 Metaspace       used 47375K, committed 48064K, reserved 1114112K
  class space    used 6082K, committed 6336K, reserved 1048576K
}
Event: 111.054 GC heap after
{Heap after GC invocations=17 (full 6):
 garbage-first heap   total 68608K, used 25281K [0x00000000c0000000, 0x0000000100000000)
  region size 1024K, 0 young (0K), 0 survivors (0K)
 Metaspace       used 47375K, committed 48064K, reserved 1114112K
  class space    used 6082K, committed 6336K, reserved 1048576K
}
Event: 121.298 GC heap before
{Heap before GC invocations=17 (full 6):
 garbage-first heap   total 68608K, used 25281K [0x00000000c0000000, 0x0000000100000000)
  region size 1024K, 1 young (1024K), 0 survivors (0K)
 Metaspace       used 47375K, committed 48064K, reserved 1114112K
  class space    used 6082K, committed 6336K, reserved 1048576K
}
Event: 121.318 GC heap after
{Heap after GC invocations=18 (full 7):
 garbage-first heap   total 68608K, used 25281K [0x00000000c0000000, 0x0000000100000000)
  region size 1024K, 0 young (0K), 0 survivors (0K)
 Metaspace       used 47375K, committed 48064K, reserved 1114112K
  class space    used 6082K, committed 6336K, reserved 1048576K
}
Event: 131.475 GC heap before
{Heap before GC invocations=18 (full 7):
 garbage-first heap   total 68608K, used 25281K [0x00000000c0000000, 0x0000000100000000)
  region size 1024K, 1 young (1024K), 0 survivors (0K)
 Metaspace       used 47375K, committed 48064K, reserved 1114112K
  class space    used 6082K, committed 6336K, reserved 1048576K
}
Event: 131.497 GC heap after
{Heap after GC invocations=19 (full 8):
 garbage-first heap   total 68608K, used 25281K [0x00000000c0000000, 0x0000000100000000)
  region size 1024K, 0 young (0K), 0 survivors (0K)
 Metaspace       used 47375K, committed 48064K, reserved 1114112K
  class space    used 6082K, committed 6336K, reserved 1048576K
}
Event: 142.020 GC heap before
{Heap before GC invocations=19 (full 8):
 garbage-first heap   total 68608K, used 25281K [0x00000000c0000000, 0x0000000100000000)
  region size 1024K, 1 young (1024K), 0 survivors (0K)
 Metaspace       used 47375K, committed 48064K, reserved 1114112K
  class space    used 6082K, committed 6336K, reserved 1048576K
}
Event: 142.059 GC heap after
{Heap after GC invocations=20 (full 9):
 garbage-first heap   total 68608K, used 25281K [0x00000000c0000000, 0x0000000100000000)
  region size 1024K, 0 young (0K), 0 survivors (0K)
 Metaspace       used 47375K, committed 48064K, reserved 1114112K
  class space    used 6082K, committed 6336K, reserved 1048576K
}
Event: 152.287 GC heap before
{Heap before GC invocations=20 (full 9):
 garbage-first heap   total 68608K, used 25281K [0x00000000c0000000, 0x0000000100000000)
  region size 1024K, 1 young (1024K), 0 survivors (0K)
 Metaspace       used 47375K, committed 48064K, reserved 1114112K
  class space    used 6082K, committed 6336K, reserved 1048576K
}
Event: 152.318 GC heap after
{Heap after GC invocations=21 (full 10):
 garbage-first heap   total 68608K, used 25281K [0x00000000c0000000, 0x0000000100000000)
  region size 1024K, 0 young (0K), 0 survivors (0K)
 Metaspace       used 47375K, committed 48064K, reserved 1114112K
  class space    used 6082K, committed 6336K, reserved 1048576K
}
Event: 162.537 GC heap before
{Heap before GC invocations=21 (full 10):
 garbage-first heap   total 68608K, used 25281K [0x00000000c0000000, 0x0000000100000000)
  region size 1024K, 1 young (1024K), 0 survivors (0K)
 Metaspace       used 47375K, committed 48064K, reserved 1114112K
  class space    used 6082K, committed 6336K, reserved 1048576K
}
Event: 162.575 GC heap after
{Heap after GC invocations=22 (full 11):
 garbage-first heap   total 68608K, used 25281K [0x00000000c0000000, 0x0000000100000000)
  region size 1024K, 0 young (0K), 0 survivors (0K)
 Metaspace       used 47375K, committed 48064K, reserved 1114112K
  class space    used 6082K, committed 6336K, reserved 1048576K
}
Event: 173.371 GC heap before
{Heap before GC invocations=22 (full 11):
 garbage-first heap   total 68608K, used 25281K [0x00000000c0000000, 0x0000000100000000)
  region size 1024K, 1 young (1024K), 0 survivors (0K)
 Metaspace       used 47375K, committed 48064K, reserved 1114112K
  class space    used 6082K, committed 6336K, reserved 1048576K
}
Event: 173.424 GC heap after
{Heap after GC invocations=23 (full 12):
 garbage-first heap   total 68608K, used 25281K [0x00000000c0000000, 0x0000000100000000)
  region size 1024K, 0 young (0K), 0 survivors (0K)
 Metaspace       used 47375K, committed 48064K, reserved 1114112K
  class space    used 6082K, committed 6336K, reserved 1048576K
}
Event: 183.920 GC heap before
{Heap before GC invocations=23 (full 12):
 garbage-first heap   total 68608K, used 25281K [0x00000000c0000000, 0x0000000100000000)
  region size 1024K, 1 young (1024K), 0 survivors (0K)
 Metaspace       used 47375K, committed 48064K, reserved 1114112K
  class space    used 6082K, committed 6336K, reserved 1048576K
}
Event: 183.974 GC heap after
{Heap after GC invocations=24 (full 13):
 garbage-first heap   total 68608K, used 25281K [0x00000000c0000000, 0x0000000100000000)
  region size 1024K, 0 young (0K), 0 survivors (0K)
 Metaspace       used 47375K, committed 48064K, reserved 1114112K
  class space    used 6082K, committed 6336K, reserved 1048576K
}
Event: 194.314 GC heap before
{Heap before GC invocations=24 (full 13):
 garbage-first heap   total 68608K, used 25281K [0x00000000c0000000, 0x0000000100000000)
  region size 1024K, 1 young (1024K), 0 survivors (0K)
 Metaspace       used 47375K, committed 48064K, reserved 1114112K
  class space    used 6082K, committed 6336K, reserved 1048576K
}
Event: 194.340 GC heap after
{Heap after GC invocations=25 (full 14):
 garbage-first heap   total 68608K, used 25281K [0x00000000c0000000, 0x0000000100000000)
  region size 1024K, 0 young (0K), 0 survivors (0K)
 Metaspace       used 47375K, committed 48064K, reserved 1114112K
  class space    used 6082K, committed 6336K, reserved 1048576K
}

Dll operation events (9 events):
Event: 0.032 Loaded shared library c:\Users\HP\.vscode\extensions\redhat.java-1.25.1-win32-x64\jre\17.0.9-win32-x86_64\bin\java.dll
Event: 0.262 Loaded shared library C:\Users\HP\.vscode\extensions\redhat.java-1.25.1-win32-x64\jre\17.0.9-win32-x86_64\bin\net.dll
Event: 0.265 Loaded shared library C:\Users\HP\.vscode\extensions\redhat.java-1.25.1-win32-x64\jre\17.0.9-win32-x86_64\bin\nio.dll
Event: 0.301 Loaded shared library C:\Users\HP\.vscode\extensions\redhat.java-1.25.1-win32-x64\jre\17.0.9-win32-x86_64\bin\zip.dll
Event: 7.216 Loaded shared library C:\Users\HP\.vscode\extensions\redhat.java-1.25.1-win32-x64\jre\17.0.9-win32-x86_64\bin\jimage.dll
Event: 17.332 Loaded shared library c:\Users\HP\.vscode\extensions\redhat.java-1.25.1-win32-x64\jre\17.0.9-win32-x86_64\bin\verify.dll
Event: 19.459 Loaded shared library C:\Users\HP\.vscode\extensions\redhat.java-1.25.1-win32-x64\jre\17.0.9-win32-x86_64\bin\management.dll
Event: 19.696 Loaded shared library C:\Users\HP\.vscode\extensions\redhat.java-1.25.1-win32-x64\jre\17.0.9-win32-x86_64\bin\management_ext.dll
Event: 21.760 Loaded shared library C:\Users\HP\.vscode\extensions\redhat.java-1.25.1-win32-x64\jre\17.0.9-win32-x86_64\bin\sunmscapi.dll

Deoptimization events (12 events):
Event: 12.681 Thread 0x000002aab83887b0 DEOPT PACKING pc=0x000002aabb630619 sp=0x000000ac36efd5f0
Event: 12.681 Thread 0x000002aab83887b0 DEOPT UNPACKING pc=0x000002aabb077143 sp=0x000000ac36efcad0 mode 3
Event: 14.265 Thread 0x000002aab83887b0 DEOPT PACKING pc=0x000002aabb6a6055 sp=0x000000ac36efec00
Event: 14.265 Thread 0x000002aab83887b0 DEOPT UNPACKING pc=0x000002aabb077143 sp=0x000000ac36efe0a8 mode 3
Event: 20.347 Thread 0x000002aac8d6aa20 DEOPT PACKING pc=0x000002aabb835235 sp=0x000000ac392fe8b0
Event: 20.347 Thread 0x000002aac8d6aa20 DEOPT UNPACKING pc=0x000002aabb077143 sp=0x000000ac392fddd8 mode 3
Event: 20.616 Thread 0x000002aac8d24400 DEOPT PACKING pc=0x000002aabb5dc401 sp=0x000000ac38efd6a0
Event: 20.616 Thread 0x000002aac8d24400 DEOPT UNPACKING pc=0x000002aabb077143 sp=0x000000ac38efcb30 mode 3
Event: 20.664 Thread 0x000002aac8d6a510 DEOPT PACKING pc=0x000002aabb5bb717 sp=0x000000ac395ff1a0
Event: 20.664 Thread 0x000002aac8d6a510 DEOPT UNPACKING pc=0x000002aabb077143 sp=0x000000ac395fe5f8 mode 3
Event: 22.041 Thread 0x000002aac8d6b950 DEOPT PACKING pc=0x000002aabb29960c sp=0x000000ac397faec0
Event: 22.041 Thread 0x000002aac8d6b950 DEOPT UNPACKING pc=0x000002aabb077143 sp=0x000000ac397fa388 mode 0

Classes unloaded (20 events):
Event: 80.360 Thread 0x000002aac317ae30 Unloading class 0x0000000100624c00 'jdk/internal/reflect/GeneratedMethodAccessor6'
Event: 80.360 Thread 0x000002aac317ae30 Unloading class 0x0000000100624800 'jdk/internal/reflect/GeneratedMethodAccessor5'
Event: 80.360 Thread 0x000002aac317ae30 Unloading class 0x0000000100624400 'jdk/internal/reflect/GeneratedConstructorAccessor26'
Event: 80.360 Thread 0x000002aac317ae30 Unloading class 0x0000000100624000 'jdk/internal/reflect/GeneratedConstructorAccessor25'
Event: 80.360 Thread 0x000002aac317ae30 Unloading class 0x0000000100521800 'java/lang/invoke/LambdaForm$MH+0x0000000100521800'
Event: 80.360 Thread 0x000002aac317ae30 Unloading class 0x0000000100521000 'java/lang/invoke/LambdaForm$MH+0x0000000100521000'
Event: 80.360 Thread 0x000002aac317ae30 Unloading class 0x0000000100520c00 'java/lang/invoke/LambdaForm$MH+0x0000000100520c00'
Event: 80.361 Thread 0x000002aac317ae30 Unloading class 0x0000000100520800 'java/lang/invoke/LambdaForm$MH+0x0000000100520800'
Event: 80.361 Thread 0x000002aac317ae30 Unloading class 0x0000000100520400 'java/lang/invoke/LambdaForm$MH+0x0000000100520400'
Event: 80.361 Thread 0x000002aac317ae30 Unloading class 0x0000000100520000 'java/lang/invoke/LambdaForm$MH+0x0000000100520000'
Event: 80.361 Thread 0x000002aac317ae30 Unloading class 0x00000001000ce800 'java/lang/invoke/LambdaForm$MH+0x00000001000ce800'
Event: 80.361 Thread 0x000002aac317ae30 Unloading class 0x00000001000ce400 'java/lang/invoke/LambdaForm$MH+0x00000001000ce400'
Event: 80.361 Thread 0x000002aac317ae30 Unloading class 0x00000001000ce000 'java/lang/invoke/LambdaForm$MH+0x00000001000ce000'
Event: 80.361 Thread 0x000002aac317ae30 Unloading class 0x00000001000cdc00 'java/lang/invoke/LambdaForm$MH+0x00000001000cdc00'
Event: 80.361 Thread 0x000002aac317ae30 Unloading class 0x00000001000cd800 'java/lang/invoke/LambdaForm$MH+0x00000001000cd800'
Event: 80.361 Thread 0x000002aac317ae30 Unloading class 0x00000001000cd400 'java/lang/invoke/LambdaForm$MH+0x00000001000cd400'
Event: 80.361 Thread 0x000002aac317ae30 Unloading class 0x00000001000ccc00 'java/lang/invoke/LambdaForm$MH+0x00000001000ccc00'
Event: 80.361 Thread 0x000002aac317ae30 Unloading class 0x00000001000cc800 'java/lang/invoke/LambdaForm$MH+0x00000001000cc800'
Event: 80.361 Thread 0x000002aac317ae30 Unloading class 0x00000001000cc000 'java/lang/invoke/LambdaForm$MH+0x00000001000cc000'
Event: 80.361 Thread 0x000002aac317ae30 Unloading class 0x00000001000cbc00 'java/lang/invoke/LambdaForm$MH+0x00000001000cbc00'

Classes redefined (0 events):
No events

Internal exceptions (20 events):
Event: 20.574 Thread 0x000002aac8d58af0 Exception <a 'java/lang/NoSuchMethodError'{0x00000000c318a020}: 'int java.lang.invoke.DirectMethodHandle$Holder.invokeStaticInit(java.lang.Object)'> (0x00000000c318a020) 
thrown [s\src\hotspot\share\interpreter\linkResolver.cpp, line 759]
Event: 20.857 Thread 0x000002aac8d6a510 Exception <a 'sun/nio/fs/WindowsException'{0x00000000c2d7b8b8}> (0x00000000c2d7b8b8) 
thrown [s\src\hotspot\share\prims\jni.cpp, line 516]
Event: 20.858 Thread 0x000002aac8d6a510 Exception <a 'sun/nio/fs/WindowsException'{0x00000000c2d7c210}> (0x00000000c2d7c210) 
thrown [s\src\hotspot\share\prims\jni.cpp, line 516]
Event: 20.858 Thread 0x000002aac8d6a510 Exception <a 'sun/nio/fs/WindowsException'{0x00000000c2d7cb20}> (0x00000000c2d7cb20) 
thrown [s\src\hotspot\share\prims\jni.cpp, line 516]
Event: 20.858 Thread 0x000002aac8d6a510 Exception <a 'sun/nio/fs/WindowsException'{0x00000000c2d7d460}> (0x00000000c2d7d460) 
thrown [s\src\hotspot\share\prims\jni.cpp, line 516]
Event: 20.858 Thread 0x000002aac8d6a510 Exception <a 'sun/nio/fs/WindowsException'{0x00000000c2d7de88}> (0x00000000c2d7de88) 
thrown [s\src\hotspot\share\prims\jni.cpp, line 516]
Event: 20.858 Thread 0x000002aac8d6a510 Exception <a 'sun/nio/fs/WindowsException'{0x00000000c2d7e920}> (0x00000000c2d7e920) 
thrown [s\src\hotspot\share\prims\jni.cpp, line 516]
Event: 20.859 Thread 0x000002aac8d6a510 Exception <a 'sun/nio/fs/WindowsException'{0x00000000c2d85988}> (0x00000000c2d85988) 
thrown [s\src\hotspot\share\prims\jni.cpp, line 516]
Event: 20.859 Thread 0x000002aac8d6a510 Exception <a 'sun/nio/fs/WindowsException'{0x00000000c2d862c8}> (0x00000000c2d862c8) 
thrown [s\src\hotspot\share\prims\jni.cpp, line 516]
Event: 20.859 Thread 0x000002aac8d6a510 Exception <a 'sun/nio/fs/WindowsException'{0x00000000c2d86bd8}> (0x00000000c2d86bd8) 
thrown [s\src\hotspot\share\prims\jni.cpp, line 516]
Event: 20.859 Thread 0x000002aac8d6a510 Exception <a 'sun/nio/fs/WindowsException'{0x00000000c2d87518}> (0x00000000c2d87518) 
thrown [s\src\hotspot\share\prims\jni.cpp, line 516]
Event: 20.860 Thread 0x000002aac8d6a510 Exception <a 'sun/nio/fs/WindowsException'{0x00000000c2d87f40}> (0x00000000c2d87f40) 
thrown [s\src\hotspot\share\prims\jni.cpp, line 516]
Event: 20.860 Thread 0x000002aac8d6a510 Exception <a 'sun/nio/fs/WindowsException'{0x00000000c2d889d8}> (0x00000000c2d889d8) 
thrown [s\src\hotspot\share\prims\jni.cpp, line 516]
Event: 20.866 Thread 0x000002aac8d6a510 Exception <a 'sun/nio/fs/WindowsException'{0x00000000c2dae348}> (0x00000000c2dae348) 
thrown [s\src\hotspot\share\prims\jni.cpp, line 516]
Event: 21.230 Thread 0x000002aac8d6b950 Exception <a 'java/lang/NoSuchMethodError'{0x00000000c2c95eb8}: 'void java.lang.invoke.DirectMethodHandle$Holder.invokeVirtual(java.lang.Object, java.lang.Object, java.lang.Object, java.lang.Object)'> (0x00000000c2c95eb8) 
thrown [s\src\hotspot\share\interpreter\linkResolver.cpp, line 759]
Event: 21.571 Thread 0x000002aac8d6b950 Exception <a 'java/lang/NoSuchMethodError'{0x00000000c5b89218}: 'java.lang.Object java.lang.invoke.DirectMethodHandle$Holder.invokeStatic(java.lang.Object, java.lang.Object, int, java.lang.Object)'> (0x00000000c5b89218) 
thrown [s\src\hotspot\share\interpreter\linkResolver.cpp, line 759]
Event: 21.572 Thread 0x000002aac8d6b950 Exception <a 'java/lang/NoSuchMethodError'{0x00000000c5b8f5f8}: 'java.lang.Object java.lang.invoke.DirectMethodHandle$Holder.newInvokeSpecial(java.lang.Object, java.lang.Object, int)'> (0x00000000c5b8f5f8) 
thrown [s\src\hotspot\share\interpreter\linkResolver.cpp, line 759]
Event: 22.033 Thread 0x000002aac8d6b950 Exception <a 'sun/nio/fs/WindowsException'{0x00000000c37b32f8}> (0x00000000c37b32f8) 
thrown [s\src\hotspot\share\prims\jni.cpp, line 516]
Event: 59.353 Thread 0x000002aac8cfc6a0 Exception <a 'java/lang/NoSuchMethodError'{0x00000000c390d0d0}: 'void java.lang.invoke.DirectMethodHandle$Holder.invokeStatic(java.lang.Object, long)'> (0x00000000c390d0d0) 
thrown [s\src\hotspot\share\interpreter\linkResolver.cpp, line 759]
Event: 59.354 Thread 0x000002aac8cfc6a0 Exception <a 'java/lang/NoSuchMethodError'{0x00000000c3912478}: 'java.lang.Object java.lang.invoke.DirectMethodHandle$Holder.newInvokeSpecial(java.lang.Object, long)'> (0x00000000c3912478) 
thrown [s\src\hotspot\share\interpreter\linkResolver.cpp, line 759]

VM Operations (20 events):
Event: 111.054 Executing VM operation: G1CollectFull done
Event: 120.223 Executing VM operation: HandshakeAllThreads
Event: 120.223 Executing VM operation: HandshakeAllThreads done
Event: 121.298 Executing VM operation: G1CollectFull
Event: 121.318 Executing VM operation: G1CollectFull done
Event: 131.475 Executing VM operation: G1CollectFull
Event: 131.497 Executing VM operation: G1CollectFull done
Event: 142.020 Executing VM operation: G1CollectFull
Event: 142.059 Executing VM operation: G1CollectFull done
Event: 152.287 Executing VM operation: G1CollectFull
Event: 152.319 Executing VM operation: G1CollectFull done
Event: 162.537 Executing VM operation: G1CollectFull
Event: 162.575 Executing VM operation: G1CollectFull done
Event: 173.370 Executing VM operation: G1CollectFull
Event: 173.424 Executing VM operation: G1CollectFull done
Event: 183.920 Executing VM operation: G1CollectFull
Event: 183.975 Executing VM operation: G1CollectFull done
Event: 194.314 Executing VM operation: G1CollectFull
Event: 194.340 Executing VM operation: G1CollectFull done
Event: 204.507 Executing VM operation: G1CollectFull

Events (20 events):
Event: 59.348 loading class java/lang/ProcessBuilder done
Event: 59.349 loading class java/lang/ProcessImpl
Event: 59.350 loading class java/lang/ProcessImpl done
Event: 59.354 loading class java/lang/ProcessImpl$2
Event: 59.354 loading class java/lang/ProcessImpl$2 done
Event: 59.355 loading class java/lang/Process$PipeInputStream
Event: 59.355 loading class java/lang/Process$PipeInputStream done
Event: 59.356 loading class jdk/internal/event/ProcessStartEvent
Event: 59.356 loading class jdk/internal/event/ProcessStartEvent done
Event: 59.906 loading class java/io/FileOutputStream$1
Event: 59.906 loading class java/io/FileOutputStream$1 done
Event: 80.382 Thread 0x000002aac8d5c4c0 Thread exited: 0x000002aac8d5c4c0
Event: 80.382 Thread 0x000002aac8d6aa20 Thread exited: 0x000002aac8d6aa20
Event: 80.383 Thread 0x000002aac8d695e0 Thread exited: 0x000002aac8d695e0
Event: 81.195 Thread 0x000002aac8d6af30 Thread exited: 0x000002aac8d6af30
Event: 81.371 Thread 0x000002aac8d6a000 Thread exited: 0x000002aac8d6a000
Event: 86.902 Thread 0x000002aac95ddab0 Thread exited: 0x000002aac95ddab0
Event: 86.902 Thread 0x000002aac95dbc50 Thread exited: 0x000002aac95dbc50
Event: 87.276 Thread 0x000002aac8d68bc0 Thread exited: 0x000002aac8d68bc0
Event: 87.278 Thread 0x000002aac95d8ec0 Thread exited: 0x000002aac95d8ec0


Dynamic libraries:
0x00007ff66d250000 - 0x00007ff66d25e000 	c:\Users\HP\.vscode\extensions\redhat.java-1.25.1-win32-x64\jre\17.0.9-win32-x86_64\bin\java.exe
0x00007ffbe18f0000 - 0x00007ffbe1ae8000 	C:\Windows\SYSTEM32\ntdll.dll
0x00007ffbe0160000 - 0x00007ffbe021d000 	C:\Windows\System32\KERNEL32.DLL
0x00007ffbdf190000 - 0x00007ffbdf486000 	C:\Windows\System32\KERNELBASE.dll
0x00007ffbdefd0000 - 0x00007ffbdf0d0000 	C:\Windows\System32\ucrtbase.dll
0x00007ffbd1860000 - 0x00007ffbd1877000 	c:\Users\HP\.vscode\extensions\redhat.java-1.25.1-win32-x64\jre\17.0.9-win32-x86_64\bin\jli.dll
0x00007ffbbb680000 - 0x00007ffbbb69b000 	c:\Users\HP\.vscode\extensions\redhat.java-1.25.1-win32-x64\jre\17.0.9-win32-x86_64\bin\VCRUNTIME140.dll
0x00007ffbe1090000 - 0x00007ffbe122e000 	C:\Windows\System32\USER32.dll
0x00007ffbdf920000 - 0x00007ffbdf942000 	C:\Windows\System32\win32u.dll
0x00007ffbc1f10000 - 0x00007ffbc21aa000 	C:\Windows\WinSxS\amd64_microsoft.windows.common-controls_6595b64144ccf1df_6.0.19041.3636_none_60b6a03d71f818d5\COMCTL32.dll
0x00007ffbe0290000 - 0x00007ffbe02bc000 	C:\Windows\System32\GDI32.dll
0x00007ffbe03a0000 - 0x00007ffbe043e000 	C:\Windows\System32\msvcrt.dll
0x00007ffbdf6a0000 - 0x00007ffbdf7ba000 	C:\Windows\System32\gdi32full.dll
0x00007ffbdf600000 - 0x00007ffbdf69d000 	C:\Windows\System32\msvcp_win.dll
0x00007ffbdfff0000 - 0x00007ffbe0020000 	C:\Windows\System32\IMM32.DLL
0x00007ffbda670000 - 0x00007ffbda67c000 	c:\Users\HP\.vscode\extensions\redhat.java-1.25.1-win32-x64\jre\17.0.9-win32-x86_64\bin\vcruntime140_1.dll
0x00007ffb82c40000 - 0x00007ffb82ccd000 	c:\Users\HP\.vscode\extensions\redhat.java-1.25.1-win32-x64\jre\17.0.9-win32-x86_64\bin\msvcp140.dll
0x00007ffb81fd0000 - 0x00007ffb82c31000 	c:\Users\HP\.vscode\extensions\redhat.java-1.25.1-win32-x64\jre\17.0.9-win32-x86_64\bin\server\jvm.dll
0x00007ffbe0550000 - 0x00007ffbe05ff000 	C:\Windows\System32\ADVAPI32.dll
0x00007ffbdf950000 - 0x00007ffbdf9ec000 	C:\Windows\System32\sechost.dll
0x00007ffbe0600000 - 0x00007ffbe0726000 	C:\Windows\System32\RPCRT4.dll
0x00007ffbbfa00000 - 0x00007ffbbfa09000 	C:\Windows\SYSTEM32\WSOCK32.dll
0x00007ffbdee30000 - 0x00007ffbdee7b000 	C:\Windows\SYSTEM32\POWRPROF.dll
0x00007ffbe0220000 - 0x00007ffbe028b000 	C:\Windows\System32\WS2_32.dll
0x00007ffbbee40000 - 0x00007ffbbee67000 	C:\Windows\SYSTEM32\WINMM.dll
0x00007ffbd9220000 - 0x00007ffbd922a000 	C:\Windows\SYSTEM32\VERSION.dll
0x00007ffbdee10000 - 0x00007ffbdee22000 	C:\Windows\SYSTEM32\UMPDC.dll
0x00007ffbdd820000 - 0x00007ffbdd832000 	C:\Windows\SYSTEM32\kernel.appcore.dll
0x00007ffbce200000 - 0x00007ffbce20a000 	c:\Users\HP\.vscode\extensions\redhat.java-1.25.1-win32-x64\jre\17.0.9-win32-x86_64\bin\jimage.dll
0x00007ffbdcd70000 - 0x00007ffbdcf54000 	C:\Windows\SYSTEM32\DBGHELP.DLL
0x00007ffbbfea0000 - 0x00007ffbbfed4000 	C:\Windows\SYSTEM32\dbgcore.DLL
0x00007ffbdf570000 - 0x00007ffbdf5f2000 	C:\Windows\System32\bcryptPrimitives.dll
0x00007ffb90540000 - 0x00007ffb90565000 	c:\Users\HP\.vscode\extensions\redhat.java-1.25.1-win32-x64\jre\17.0.9-win32-x86_64\bin\java.dll
0x00007ffbabe50000 - 0x00007ffbabe68000 	c:\Users\HP\.vscode\extensions\redhat.java-1.25.1-win32-x64\jre\17.0.9-win32-x86_64\bin\zip.dll
0x00007ffbe0940000 - 0x00007ffbe1085000 	C:\Windows\System32\SHELL32.dll
0x00007ffbdcf60000 - 0x00007ffbdd6fb000 	C:\Windows\SYSTEM32\windows.storage.dll
0x00007ffbe12c0000 - 0x00007ffbe1614000 	C:\Windows\System32\combase.dll
0x00007ffbde9a0000 - 0x00007ffbde9cd000 	C:\Windows\SYSTEM32\Wldp.dll
0x00007ffbe1800000 - 0x00007ffbe18ad000 	C:\Windows\System32\SHCORE.dll
0x00007ffbdff90000 - 0x00007ffbdffe5000 	C:\Windows\System32\shlwapi.dll
0x00007ffbdef00000 - 0x00007ffbdef25000 	C:\Windows\SYSTEM32\profapi.dll
0x00007ffbab8f0000 - 0x00007ffbab909000 	C:\Users\HP\.vscode\extensions\redhat.java-1.25.1-win32-x64\jre\17.0.9-win32-x86_64\bin\net.dll
0x00007ffbd7f40000 - 0x00007ffbd804a000 	C:\Windows\SYSTEM32\WINHTTP.dll
0x00007ffbde700000 - 0x00007ffbde76a000 	C:\Windows\system32\mswsock.dll
0x00007ffba79c0000 - 0x00007ffba79d6000 	C:\Users\HP\.vscode\extensions\redhat.java-1.25.1-win32-x64\jre\17.0.9-win32-x86_64\bin\nio.dll
0x00007ffbde8f0000 - 0x00007ffbde908000 	C:\Windows\SYSTEM32\CRYPTSP.dll
0x00007ffbddfd0000 - 0x00007ffbde004000 	C:\Windows\system32\rsaenh.dll
0x00007ffbdf490000 - 0x00007ffbdf4b7000 	C:\Windows\System32\bcrypt.dll
0x00007ffbdee80000 - 0x00007ffbdeeae000 	C:\Windows\SYSTEM32\USERENV.dll
0x00007ffbde910000 - 0x00007ffbde91c000 	C:\Windows\SYSTEM32\CRYPTBASE.dll
0x00007ffbde3f0000 - 0x00007ffbde42b000 	C:\Windows\SYSTEM32\IPHLPAPI.DLL
0x00007ffbe0450000 - 0x00007ffbe0458000 	C:\Windows\System32\NSI.dll
0x00007ffbd81d0000 - 0x00007ffbd81e7000 	C:\Windows\SYSTEM32\dhcpcsvc6.DLL
0x00007ffbd8630000 - 0x00007ffbd864d000 	C:\Windows\SYSTEM32\dhcpcsvc.DLL
0x00007ffbde430000 - 0x00007ffbde4fa000 	C:\Windows\SYSTEM32\DNSAPI.dll
0x00007ffbbf780000 - 0x00007ffbbf790000 	c:\Users\HP\.vscode\extensions\redhat.java-1.25.1-win32-x64\jre\17.0.9-win32-x86_64\bin\verify.dll
0x00007ffbcfb10000 - 0x00007ffbcfb19000 	C:\Users\HP\.vscode\extensions\redhat.java-1.25.1-win32-x64\jre\17.0.9-win32-x86_64\bin\management.dll
0x00007ffbbed30000 - 0x00007ffbbed3b000 	C:\Users\HP\.vscode\extensions\redhat.java-1.25.1-win32-x64\jre\17.0.9-win32-x86_64\bin\management_ext.dll
0x00007ffbe0440000 - 0x00007ffbe0448000 	C:\Windows\System32\PSAPI.DLL
0x00007ffbbdb40000 - 0x00007ffbbdb4e000 	C:\Users\HP\.vscode\extensions\redhat.java-1.25.1-win32-x64\jre\17.0.9-win32-x86_64\bin\sunmscapi.dll
0x00007ffbdf7c0000 - 0x00007ffbdf91d000 	C:\Windows\System32\CRYPT32.dll
0x00007ffbdea10000 - 0x00007ffbdea37000 	C:\Windows\SYSTEM32\ncrypt.dll
0x00007ffbde9d0000 - 0x00007ffbdea0b000 	C:\Windows\SYSTEM32\NTASN1.dll
0x00007ffbd9ba0000 - 0x00007ffbd9baa000 	C:\Windows\System32\rasadhlp.dll
0x00007ffbd0b00000 - 0x00007ffbd0b80000 	C:\Windows\System32\fwpuclnt.dll

dbghelp: loaded successfully - version: 4.0.5 - missing functions: none
symbol engine: initialized successfully - sym options: 0x614 - pdb path: .;c:\Users\HP\.vscode\extensions\redhat.java-1.25.1-win32-x64\jre\17.0.9-win32-x86_64\bin;C:\Windows\SYSTEM32;C:\Windows\WinSxS\amd64_microsoft.windows.common-controls_6595b64144ccf1df_6.0.19041.3636_none_60b6a03d71f818d5;c:\Users\HP\.vscode\extensions\redhat.java-1.25.1-win32-x64\jre\17.0.9-win32-x86_64\bin\server

VM Arguments:
jvm_args: -XX:+HeapDumpOnOutOfMemoryError -Xmx1024m -Dsts.lsp.client=vscode -Dsts.log.file=/dev/null -XX:TieredStopAtLevel=1 -Xlog:jni+resolve=off -Dspring.config.location=file:c:\Users\HP\.vscode\extensions\vmware.vscode-spring-boot-1.51.0\language-server\BOOT-INF\classes\application.properties 
java_command: org.springframework.ide.vscode.boot.app.BootLanguageServerBootApp
java_class_path (initial): c:\Users\HP\.vscode\extensions\vmware.vscode-spring-boot-1.51.0\language-server\BOOT-INF\classes;c:\Users\HP\.vscode\extensions\vmware.vscode-spring-boot-1.51.0\language-server\BOOT-INF\lib\annotations-24.1.0.jar;c:\Users\HP\.vscode\extensions\vmware.vscode-spring-boot-1.51.0\language-server\BOOT-INF\lib\antlr-runtime-3.5.3.jar;c:\Users\HP\.vscode\extensions\vmware.vscode-spring-boot-1.51.0\language-server\BOOT-INF\lib\antlr4-4.11.1.jar;c:\Users\HP\.vscode\extensions\vmware.vscode-spring-boot-1.51.0\language-server\BOOT-INF\lib\antlr4-runtime-4.11.1.jar;c:\Users\HP\.vscode\extensions\vmware.vscode-spring-boot-1.51.0\language-server\BOOT-INF\lib\asm-9.6.jar;c:\Users\HP\.vscode\extensions\vmware.vscode-spring-boot-1.51.0\language-server\BOOT-INF\lib\asm-analysis-9.6.jar;c:\Users\HP\.vscode\extensions\vmware.vscode-spring-boot-1.51.0\language-server\BOOT-INF\lib\asm-tree-9.6.jar;c:\Users\HP\.vscode\extensions\vmware.vscode-spring-boot-1.51.0\language-server\BOOT-INF\lib\asm-util-9.6.jar;c:\Users\HP\.vscode\extensions\vmware.vscode-spring-boot-1.51.0\language-server\BOOT-INF\lib\bosh-language-server-1.51.0-SNAPSHOT.jar;c:\Users\HP\.vscode\extensions\vmware.vscode-spring-boot-1.51.0\language-server\BOOT-INF\lib\caffeine-3.1.8.jar;c:\Users\HP\.vscode\extensions\vmware.vscode-spring-boot-1.51.0\language-server\BOOT-INF\lib\checker-qual-3.12.0.jar;c:\Users\HP\.vscode\extensions\vmware.vscode-spring-boot-1.51.0\language-server\BOOT-INF\lib\classgraph-4.8.149.jar;c:\Users\HP\.vscode\extensions\vmware.vscode-spring-boot-1.51.0\language-server\BOOT-INF\lib\commons-codec-1.15.jar;c:\Users\HP\.vscode\extensions\vmware.vscode-spring-boot-1.51.0\language-server\BOOT-INF\lib\commons-compress-1.25.0.jar;c:\Users\HP\.vscode\extensions\vmware.vscode-spring-boot-1.51.0\language-server\BOOT-INF\lib\commons-io-2.4.jar;c:\Users\HP\.vscode\extensions\vmware.vscode-spring-boot-1.51.0\language-server\BOOT-INF\lib\commons-java-1.51.0-SNAPSHOT.jar;c:\Users\HP\.vscod
Launcher Type: SUN_STANDARD

[Global flags]
     intx CICompilerCount                          = 4                                         {product} {ergonomic}
     uint ConcGCThreads                            = 2                                         {product} {ergonomic}
     uint G1ConcRefinementThreads                  = 8                                         {product} {ergonomic}
   size_t G1HeapRegionSize                         = 1048576                                   {product} {ergonomic}
    uintx GCDrainStackTargetSize                   = 64                                        {product} {ergonomic}
     bool HeapDumpOnOutOfMemoryError               = true                                   {manageable} {command line}
   size_t InitialHeapSize                          = 132120576                                 {product} {ergonomic}
   size_t MarkStackSize                            = 4194304                                   {product} {ergonomic}
   size_t MaxHeapSize                              = 1073741824                                {product} {command line}
   size_t MaxNewSize                               = 643825664                                 {product} {ergonomic}
   size_t MinHeapDeltaBytes                        = 1048576                                   {product} {ergonomic}
   size_t MinHeapSize                              = 8388608                                   {product} {ergonomic}
    uintx NonProfiledCodeHeapSize                  = 0                                      {pd product} {ergonomic}
     bool ProfileInterpreter                       = false                                  {pd product} {command line}
    uintx ProfiledCodeHeapSize                     = 0                                      {pd product} {ergonomic}
   size_t SoftMaxHeapSize                          = 1073741824                             {manageable} {ergonomic}
     intx TieredStopAtLevel                        = 1                                         {product} {command line}
     bool UseCompressedClassPointers               = true                           {product lp64_product} {ergonomic}
     bool UseCompressedOops                        = true                           {product lp64_product} {ergonomic}
     bool UseG1GC                                  = true                                      {product} {ergonomic}
     bool UseLargePagesIndividualAllocation        = false                                  {pd product} {ergonomic}

Logging:
Log output configuration:
 #0: stdout all=warning,jni+resolve=off uptime,level,tags
 #1: stderr all=off uptime,level,tags

Environment Variables:
PATH=C:\Python312\Scripts\;C:\Python312\;C:\Program Files\Microsoft MPI\Bin\;C:\Program Files (x86)\Common Files\Oracle\Java\javapath;c:\huawei\cti;c:\huawei\csp6;C:\Program Files\Common Files\Oracle\Java\javapath;C:\ProgramData\Oracle\Java\javapath;C:\Windows\system32;C:\Windows;C:\Windows\System32\Wbem;C:\Windows\System32\WindowsPowerShell\v1.0\;C:\Windows\System32\OpenSSH\;C:\xampp\php;C:\composer;C:\Program Files (x86)\Microsoft SQL Server\140\DTS\Binn\;C:\Windows\system32\config\systemprofile\.dnx\bin;C:\Program Files\Microsoft DNX\Dnvm\;C:\Program Files (x86)\Microsoft SQL Server\110\DTS\Binn\;C:\Program Files (x86)\Microsoft SQL Server\120\DTS\Binn\;C:\Program Files (x86)\Microsoft SQL Server\130\DTS\Binn\;C:\Program Files\Git\cmd;C:\Program Files (x86)\Microsoft SQL Server\160\Tools\Binn\;C:\Program Files\Microsoft SQL Server\160\Tools\Binn\;C:\Program Files\Microsoft SQL Server\Client SDK\ODBC\170\Tools\Binn\;C:\Program Files\Microsoft SQL Server\160\DTS\Binn\;C:\Program Files (x86)\Microsoft SQL Server\160\DTS\Binn\;C:\Program Files\Azure Data Studio\bin;C:\ProgramData\chocolatey\bin;C:\Program Files\nodejs\;C:\Program Files\MySQL\MySQL Shell 8.0\bin\;C:\Users\HP\AppData\Local\Microsoft\WindowsApps;;C:\Users\HP\AppData\Local\Programs\Microsoft VS Code\bin;C:\Users\HP\AppData\Roaming\Composer\vendor\bin;C:\Program Files\Azure Data Studio\bin;C:\Users\HP\AppData\Roaming\npm
USERNAME=HP
OS=Windows_NT
PROCESSOR_IDENTIFIER=Intel64 Family 6 Model 142 Stepping 12, GenuineIntel
TMP=C:\Users\HP\AppData\Local\Temp
TEMP=C:\Users\HP\AppData\Local\Temp



Periodic native trim disabled


---------------  S Y S T E M  ---------------

OS:
 Windows 10 , 64 bit Build 19041 (10.0.19041.3636)
OS uptime: 1 days 4:05 hours

CPU: total 8 (initial active 8) (4 cores per cpu, 2 threads per core) family 6 model 142 stepping 12 microcode 0xec, cx8, cmov, fxsr, ht, mmx, 3dnowpref, sse, sse2, sse3, ssse3, sse4.1, sse4.2, popcnt, lzcnt, tsc, tscinvbit, avx, avx2, aes, erms, clmul, bmi1, bmi2, adx, fma, vzeroupper, clflush, clflushopt
Processor Information for processor 0
  Max Mhz: 2112, Current Mhz: 1408, Mhz Limit: 1605
Processor Information for processor 1
  Max Mhz: 2112, Current Mhz: 1408, Mhz Limit: 1605
Processor Information for processor 2
  Max Mhz: 2112, Current Mhz: 1408, Mhz Limit: 1605
Processor Information for processor 3
  Max Mhz: 2112, Current Mhz: 1408, Mhz Limit: 1605
Processor Information for processor 4
  Max Mhz: 2112, Current Mhz: 1408, Mhz Limit: 1605
Processor Information for processor 5
  Max Mhz: 2112, Current Mhz: 1408, Mhz Limit: 1605
Processor Information for processor 6
  Max Mhz: 2112, Current Mhz: 1609, Mhz Limit: 1605
Processor Information for processor 7
  Max Mhz: 2112, Current Mhz: 1609, Mhz Limit: 1605

Memory: 4k page, system-wide physical 8014M (493M free)
TotalPageFile size 12110M (AvailPageFile size 17M)
current process WorkingSet (physical memory assigned to process): 176M, peak: 176M
current process commit charge ("private bytes"): 212M, peak: 231M

vm_info: OpenJDK 64-Bit Server VM (17.0.9+9) for windows-amd64 JRE (17.0.9+9), built on Oct 26 2023 14:01:42 by "admin" with MS VC++ 16.10 / 16.11 (VS2019)

END.
